<?xml version="1.0" encoding="UTF-8"?>
<robot generator="Robot 4.1.3 (Python 3.10.3 on win32)" generated="20220320 13:47:00.525" rpa="false" schemaversion="2">
<suite id="s1" name="RobotProjectFirst" source="C:\Users\RAJKUMAR\eclipse-workspace\RobotProjectFirst">
<suite id="s1-s1" name="Test" source="C:\Users\RAJKUMAR\eclipse-workspace\RobotProjectFirst\test">
<suite id="s1-s1-s1" name="TestSuite01" source="C:\Users\RAJKUMAR\eclipse-workspace\RobotProjectFirst\test\TestSuite01.robot">
<test id="s1-s1-s1-t1" name="MyFirstSeleniumTest">
<kw name="Open Browser" library="SeleniumLibrary">
<arg>https://google.com</arg>
<arg>chrome</arg>
<doc>Opens a new browser instance to the optional ``url``.</doc>
<msg timestamp="20220320 13:47:03.027" level="INFO">Opening browser 'chrome' to base url 'https://google.com'.</msg>
<status status="PASS" starttime="20220320 13:47:03.024" endtime="20220320 13:47:31.189"/>
</kw>
<kw name="Set Browser Implicit Wait" library="SeleniumLibrary">
<arg>5</arg>
<doc>Sets the implicit wait value used by Selenium.</doc>
<status status="PASS" starttime="20220320 13:47:31.191" endtime="20220320 13:47:31.194"/>
</kw>
<kw name="Input Text" library="SeleniumLibrary">
<arg>name=q</arg>
<arg>SelvendranR</arg>
<doc>Types the given ``text`` into the text field identified by ``locator``.</doc>
<msg timestamp="20220320 13:47:31.197" level="INFO">Typing text 'SelvendranR' into text field 'name=q'.</msg>
<status status="PASS" starttime="20220320 13:47:31.195" endtime="20220320 13:47:34.945"/>
</kw>
<kw name="Press Keys" library="SeleniumLibrary">
<arg>name=q</arg>
<arg>ENTER</arg>
<doc>Simulates the user pressing key(s) to an element or on the active browser.</doc>
<msg timestamp="20220320 13:47:34.948" level="INFO">Sending key(s) ('ENTER',) to name=q element.</msg>
<msg timestamp="20220320 13:47:36.689" level="INFO">Pressing special key ENTER to element.</msg>
<msg timestamp="20220320 13:47:36.690" level="INFO">Releasing special key ENTER.</msg>
<status status="PASS" starttime="20220320 13:47:34.946" endtime="20220320 13:47:41.649"/>
</kw>
<kw name="Sleep" library="BuiltIn">
<arg>2</arg>
<doc>Pauses the test executed for the given time.</doc>
<msg timestamp="20220320 13:47:43.655" level="INFO">Slept 2 seconds</msg>
<status status="PASS" starttime="20220320 13:47:41.650" endtime="20220320 13:47:43.656"/>
</kw>
<kw name="Close Browser" library="SeleniumLibrary">
<doc>Closes the current browser.</doc>
<status status="PASS" starttime="20220320 13:47:43.657" endtime="20220320 13:47:47.488"/>
</kw>
<kw name="Log" library="BuiltIn">
<arg>Test Completed .........</arg>
<doc>Logs the given message with the given level.</doc>
<msg timestamp="20220320 13:47:47.492" level="INFO">Test Completed .........</msg>
<status status="PASS" starttime="20220320 13:47:47.490" endtime="20220320 13:47:47.493"/>
</kw>
<status status="PASS" starttime="20220320 13:47:03.021" endtime="20220320 13:47:47.494"/>
</test>
<status status="PASS" starttime="20220320 13:47:00.944" endtime="20220320 13:47:47.498"/>
</suite>
<status status="PASS" starttime="20220320 13:47:00.934" endtime="20220320 13:47:47.506"/>
</suite>
<status status="PASS" starttime="20220320 13:47:00.835" endtime="20220320 13:47:47.511"/>
</suite>
<statistics>
<total>
<stat pass="1" fail="0" skip="0">All Tests</stat>
</total>
<tag>
</tag>
<suite>
<stat pass="1" fail="0" skip="0" id="s1" name="RobotProjectFirst">RobotProjectFirst</stat>
<stat pass="1" fail="0" skip="0" id="s1-s1" name="Test">RobotProjectFirst.Test</stat>
<stat pass="1" fail="0" skip="0" id="s1-s1-s1" name="TestSuite01">RobotProjectFirst.Test.TestSuite01</stat>
</suite>
</statistics>
<errors>
</errors>
</robot>
